<?xml version="1.0" encoding="UTF-8"?>
<!-- Generated by org.testng.reporters.JUnitXMLReporter -->
<testsuite ignored="2" hostname="LAPTOP-UUVR85DV" failures="1" tests="1" name="TestFacebook" time="2.701" errors="0" timestamp="2025-05-17T16:02:43 IST">
  <testcase classname="ExtentReportPracticeDay_14.ExtentTestcasesfif" name="testfacebook" time="0.941">
    <failure type="java.lang.AssertionError" message="expected [goooleee] but found [Facebook – log in or sign up]">
      <![CDATA[java.lang.AssertionError: expected [goooleee] but found [Facebook – log in or sign up]
at ExtentReportPracticeDay_14.ExtentTestcasesfif.testfacebook(ExtentTestcasesfif.java:36)
at java.base/java.util.ArrayList.forEach(ArrayList.java:1597)
... Removed 31 stack frames]]>
    </failure>
  </testcase> <!-- testfacebook -->
  <testcase classname="ExtentReportPracticeDay_14.ExtentTestcasesfif" name="testORG" time="0.0">
    <ignored/>
  </testcase> <!-- testORG -->
  <testcase classname="ExtentReportPracticeDay_14.ExtentTestcasesfif" name="testgoogle" time="0.0">
    <ignored/>
  </testcase> <!-- testgoogle -->
</testsuite> <!-- TestFacebook -->
