<?xml version="1.0" encoding="UTF-8"?>
<testng-results ignored="0" total="3" passed="2" failed="1" skipped="0">
  <reporter-output>
  </reporter-output>
  <suite started-at="2025-03-08T16:19:07 IST" name="Suite" finished-at="2025-03-08T16:19:22 IST" duration-ms="14748">
    <groups>
    </groups>
    <test started-at="2025-03-08T16:19:07 IST" name="TestGoogle" finished-at="2025-03-08T16:19:11 IST" duration-ms="4207">
      <class name="secongframeday_01.testClassExtentsix">
        <test-method is-config="true" signature="setup(org.testng.ITestContext)[pri:0, instance:secongframeday_01.testClassExtentsix@68dc098b]" started-at="2025-03-08T16:19:07 IST" name="setup" finished-at="2025-03-08T16:19:09 IST" duration-ms="1639" status="PASS">
          <params>
            <param index="0">
              <value>
                <![CDATA[org.testng.TestRunner@411c6d44]]>
              </value>
            </param>
          </params>
          <reporter-output>
          </reporter-output>
        </test-method> <!-- setup -->
        <test-method signature="testGoogle()[pri:0, instance:secongframeday_01.testClassExtentsix@68dc098b]" started-at="2025-03-08T16:19:09 IST" name="testGoogle" finished-at="2025-03-08T16:19:11 IST" duration-ms="2326" status="PASS">
          <reporter-output>
          </reporter-output>
        </test-method> <!-- testGoogle -->
        <test-method is-config="true" signature="checkStataus(java.lang.reflect.Method,org.testng.ITestResult)[pri:0, instance:secongframeday_01.testClassExtentsix@68dc098b]" started-at="2025-03-08T16:19:11 IST" name="checkStataus" finished-at="2025-03-08T16:19:11 IST" duration-ms="2" status="PASS">
          <params>
            <param index="0">
              <value>
                <![CDATA[public void secongframeday_01.testClassExtentsix.testGoogle()]]>
              </value>
            </param>
            <param index="1">
              <value>
                <![CDATA[[TestResult name=testGoogle status=SUCCESS method=testClassExtentsix.testGoogle()[pri:0, instance:secongframeday_01.testClassExtentsix@68dc098b] output={null}]]]>
              </value>
            </param>
          </params>
          <reporter-output>
          </reporter-output>
        </test-method> <!-- checkStataus -->
        <test-method is-config="true" signature="teardown()[pri:0, instance:secongframeday_01.testClassExtentsix@68dc098b]" started-at="2025-03-08T16:19:11 IST" name="teardown" finished-at="2025-03-08T16:19:11 IST" duration-ms="199" status="PASS">
          <reporter-output>
          </reporter-output>
        </test-method> <!-- teardown -->
      </class> <!-- secongframeday_01.testClassExtentsix -->
    </test> <!-- TestGoogle -->
    <test started-at="2025-03-08T16:19:11 IST" name="TestORGHRM" finished-at="2025-03-08T16:19:18 IST" duration-ms="6194">
      <class name="secongframeday_01.testClassExtentsix">
        <test-method is-config="true" signature="setup(org.testng.ITestContext)[pri:0, instance:secongframeday_01.testClassExtentsix@1e44b638]" started-at="2025-03-08T16:19:11 IST" name="setup" finished-at="2025-03-08T16:19:13 IST" duration-ms="1098" status="PASS">
          <params>
            <param index="0">
              <value>
                <![CDATA[org.testng.TestRunner@1687eb01]]>
              </value>
            </param>
          </params>
          <reporter-output>
          </reporter-output>
        </test-method> <!-- setup -->
        <test-method signature="testORGhrm()[pri:0, instance:secongframeday_01.testClassExtentsix@1e44b638]" started-at="2025-03-08T16:19:13 IST" name="testORGhrm" finished-at="2025-03-08T16:19:17 IST" duration-ms="4941" status="PASS">
          <reporter-output>
          </reporter-output>
        </test-method> <!-- testORGhrm -->
        <test-method is-config="true" signature="teardown()[pri:0, instance:secongframeday_01.testClassExtentsix@1e44b638]" started-at="2025-03-08T16:19:17 IST" name="teardown" finished-at="2025-03-08T16:19:18 IST" duration-ms="153" status="PASS">
          <reporter-output>
          </reporter-output>
        </test-method> <!-- teardown -->
        <test-method is-config="true" signature="checkStataus(java.lang.reflect.Method,org.testng.ITestResult)[pri:0, instance:secongframeday_01.testClassExtentsix@1e44b638]" started-at="2025-03-08T16:19:17 IST" name="checkStataus" finished-at="2025-03-08T16:19:17 IST" duration-ms="0" status="PASS">
          <params>
            <param index="0">
              <value>
                <![CDATA[public void secongframeday_01.testClassExtentsix.testORGhrm()]]>
              </value>
            </param>
            <param index="1">
              <value>
                <![CDATA[[TestResult name=testORGhrm status=SUCCESS method=testClassExtentsix.testORGhrm()[pri:0, instance:secongframeday_01.testClassExtentsix@1e44b638] output={null}]]]>
              </value>
            </param>
          </params>
          <reporter-output>
          </reporter-output>
        </test-method> <!-- checkStataus -->
      </class> <!-- secongframeday_01.testClassExtentsix -->
    </test> <!-- TestORGHRM -->
    <test started-at="2025-03-08T16:19:18 IST" name="TestFaceBook" finished-at="2025-03-08T16:19:22 IST" duration-ms="4326">
      <class name="secongframeday_01.testClassExtentsix">
        <test-method is-config="true" signature="initializeExtentReport()[pri:0, instance:secongframeday_01.testClassExtentsix@babafc2]" started-at="2025-03-08T16:19:07 IST" name="initializeExtentReport" finished-at="2025-03-08T16:19:07 IST" duration-ms="153" status="PASS">
          <reporter-output>
          </reporter-output>
        </test-method> <!-- initializeExtentReport -->
        <test-method is-config="true" signature="setup(org.testng.ITestContext)[pri:0, instance:secongframeday_01.testClassExtentsix@babafc2]" started-at="2025-03-08T16:19:18 IST" name="setup" finished-at="2025-03-08T16:19:19 IST" duration-ms="1109" status="PASS">
          <params>
            <param index="0">
              <value>
                <![CDATA[org.testng.TestRunner@748d2277]]>
              </value>
            </param>
          </params>
          <reporter-output>
          </reporter-output>
        </test-method> <!-- setup -->
        <test-method signature="testFaceBook()[pri:0, instance:secongframeday_01.testClassExtentsix@babafc2]" started-at="2025-03-08T16:19:19 IST" name="testFaceBook" finished-at="2025-03-08T16:19:22 IST" duration-ms="2876" status="FAIL">
          <exception class="java.lang.AssertionError">
            <message>
              <![CDATA[expected [Facebook – log in or sign upp] but found [Facebook – log in or sign up]]]>
            </message>
            <full-stacktrace>
              <![CDATA[java.lang.AssertionError: expected [Facebook – log in or sign upp] but found [Facebook – log in or sign up]
at org.testng.Assert.fail(Assert.java:111)
at org.testng.Assert.failNotEquals(Assert.java:1578)
at org.testng.Assert.assertEqualsImpl(Assert.java:150)
at org.testng.Assert.assertEquals(Assert.java:132)
at org.testng.Assert.assertEquals(Assert.java:656)
at org.testng.Assert.assertEquals(Assert.java:666)
at secongframeday_01.testClassExtentsix.testFaceBook(testClassExtentsix.java:34)
at java.base/jdk.internal.reflect.DirectMethodHandleAccessor.invoke(DirectMethodHandleAccessor.java:103)
at java.base/java.lang.reflect.Method.invoke(Method.java:580)
at org.testng.internal.invokers.MethodInvocationHelper.invokeMethod(MethodInvocationHelper.java:141)
at org.testng.internal.invokers.TestInvoker.invokeMethod(TestInvoker.java:686)
at org.testng.internal.invokers.TestInvoker.invokeTestMethod(TestInvoker.java:230)
at org.testng.internal.invokers.MethodRunner.runInSequence(MethodRunner.java:63)
at org.testng.internal.invokers.TestInvoker$MethodInvocationAgent.invoke(TestInvoker.java:992)
at org.testng.internal.invokers.TestInvoker.invokeTestMethods(TestInvoker.java:203)
at org.testng.internal.invokers.TestMethodWorker.invokeTestMethods(TestMethodWorker.java:154)
at org.testng.internal.invokers.TestMethodWorker.run(TestMethodWorker.java:134)
at java.base/java.util.ArrayList.forEach(ArrayList.java:1597)
at org.testng.TestRunner.privateRun(TestRunner.java:739)
at org.testng.TestRunner.run(TestRunner.java:614)
at org.testng.SuiteRunner.runTest(SuiteRunner.java:421)
at org.testng.SuiteRunner.runSequentially(SuiteRunner.java:413)
at org.testng.SuiteRunner.privateRun(SuiteRunner.java:373)
at org.testng.SuiteRunner.run(SuiteRunner.java:312)
at org.testng.SuiteRunnerWorker.runSuite(SuiteRunnerWorker.java:52)
at org.testng.SuiteRunnerWorker.run(SuiteRunnerWorker.java:95)
at org.testng.TestNG.runSuitesSequentially(TestNG.java:1274)
at org.testng.TestNG.runSuitesLocally(TestNG.java:1208)
at org.testng.TestNG.runSuites(TestNG.java:1112)
at org.testng.TestNG.run(TestNG.java:1079)
at org.apache.maven.surefire.testng.TestNGExecutor.run(TestNGExecutor.java:308)
at org.apache.maven.surefire.testng.TestNGXmlTestSuite.execute(TestNGXmlTestSuite.java:71)
at org.apache.maven.surefire.testng.TestNGProvider.invoke(TestNGProvider.java:113)
at org.apache.maven.surefire.booter.ForkedBooter.runSuitesInProcess(ForkedBooter.java:385)
at org.apache.maven.surefire.booter.ForkedBooter.execute(ForkedBooter.java:162)
at org.apache.maven.surefire.booter.ForkedBooter.run(ForkedBooter.java:507)
at org.apache.maven.surefire.booter.ForkedBooter.main(ForkedBooter.java:495)
]]>
            </full-stacktrace>
          </exception> <!-- java.lang.AssertionError -->
          <reporter-output>
          </reporter-output>
        </test-method> <!-- testFaceBook -->
        <test-method is-config="true" signature="checkStataus(java.lang.reflect.Method,org.testng.ITestResult)[pri:0, instance:secongframeday_01.testClassExtentsix@babafc2]" started-at="2025-03-08T16:19:22 IST" name="checkStataus" finished-at="2025-03-08T16:19:22 IST" duration-ms="168" status="PASS">
          <params>
            <param index="0">
              <value>
                <![CDATA[public void secongframeday_01.testClassExtentsix.testFaceBook()]]>
              </value>
            </param>
            <param index="1">
              <value>
                <![CDATA[[TestResult name=testFaceBook status=FAILURE method=testClassExtentsix.testFaceBook()[pri:0, instance:secongframeday_01.testClassExtentsix@babafc2] output={null}]]]>
              </value>
            </param>
          </params>
          <reporter-output>
          </reporter-output>
        </test-method> <!-- checkStataus -->
        <test-method is-config="true" signature="teardown()[pri:0, instance:secongframeday_01.testClassExtentsix@babafc2]" started-at="2025-03-08T16:19:22 IST" name="teardown" finished-at="2025-03-08T16:19:22 IST" duration-ms="166" status="PASS">
          <reporter-output>
          </reporter-output>
        </test-method> <!-- teardown -->
        <test-method is-config="true" signature="generateExtentReport()[pri:0, instance:secongframeday_01.testClassExtentsix@babafc2]" started-at="2025-03-08T16:19:22 IST" name="generateExtentReport" finished-at="2025-03-08T16:19:23 IST" duration-ms="804" status="PASS">
          <reporter-output>
          </reporter-output>
        </test-method> <!-- generateExtentReport -->
      </class> <!-- secongframeday_01.testClassExtentsix -->
    </test> <!-- TestFaceBook -->
  </suite> <!-- Suite -->
</testng-results>
